This is pdfTeX, Version 3.14159265-2.6-1.40.20 (MiKTeX 2.9.7140 64-bit) (preloaded format=pdflatex 2019.8.28)  10 DEC 2019 11:44
entering extended mode
**./Luna_McBride_PS8b.tex
(Luna_McBride_PS8b.tex
LaTeX2e <2018-12-01>

("C:\Users\Luna.DESKTOP-PEBO18O\AppData\Local\Programs\MiKTeX 2.9\tex/latex/bas
e\article.cls"
Document Class: article 2018/09/03 v1.4i Standard LaTeX document class

("C:\Users\Luna.DESKTOP-PEBO18O\AppData\Local\Programs\MiKTeX 2.9\tex/latex/bas
e\size12.clo"
File: size12.clo 2018/09/03 v1.4i Standard LaTeX file (size option)
)
\c@part=\count80
\c@section=\count81
\c@subsection=\count82
\c@subsubsection=\count83
\c@paragraph=\count84
\c@subparagraph=\count85
\c@figure=\count86
\c@table=\count87
\abovecaptionskip=\skip41
\belowcaptionskip=\skip42
\bibindent=\dimen102
)
("C:\Users\Luna.DESKTOP-PEBO18O\AppData\Local\Programs\MiKTeX 2.9\tex/latex/ams
math\amsmath.sty"
Package: amsmath 2018/12/01 v2.17b AMS math features
\@mathmargin=\skip43

For additional information on amsmath, use the `?' option.

("C:\Users\Luna.DESKTOP-PEBO18O\AppData\Local\Programs\MiKTeX 2.9\tex/latex/ams
math\amstext.sty"
Package: amstext 2000/06/29 v2.01 AMS text

("C:\Users\Luna.DESKTOP-PEBO18O\AppData\Local\Programs\MiKTeX 2.9\tex/latex/ams
math\amsgen.sty"
File: amsgen.sty 1999/11/30 v2.0 generic functions
\@emptytoks=\toks14
\ex@=\dimen103
))
("C:\Users\Luna.DESKTOP-PEBO18O\AppData\Local\Programs\MiKTeX 2.9\tex/latex/ams
math\amsbsy.sty"
Package: amsbsy 1999/11/29 v1.2d Bold Symbols
\pmbraise@=\dimen104
)
("C:\Users\Luna.DESKTOP-PEBO18O\AppData\Local\Programs\MiKTeX 2.9\tex/latex/ams
math\amsopn.sty"
Package: amsopn 2016/03/08 v2.02 operator names
)
\inf@bad=\count88
LaTeX Info: Redefining \frac on input line 223.
\uproot@=\count89
\leftroot@=\count90
LaTeX Info: Redefining \overline on input line 385.
\classnum@=\count91
\DOTSCASE@=\count92
LaTeX Info: Redefining \ldots on input line 482.
LaTeX Info: Redefining \dots on input line 485.
LaTeX Info: Redefining \cdots on input line 606.
\Mathstrutbox@=\box27
\strutbox@=\box28
\big@size=\dimen105
LaTeX Font Info:    Redeclaring font encoding OML on input line 729.
LaTeX Font Info:    Redeclaring font encoding OMS on input line 730.
\macc@depth=\count93
\c@MaxMatrixCols=\count94
\dotsspace@=\muskip10
\c@parentequation=\count95
\dspbrk@lvl=\count96
\tag@help=\toks15
\row@=\count97
\column@=\count98
\maxfields@=\count99
\andhelp@=\toks16
\eqnshift@=\dimen106
\alignsep@=\dimen107
\tagshift@=\dimen108
\tagwidth@=\dimen109
\totwidth@=\dimen110
\lineht@=\dimen111
\@envbody=\toks17
\multlinegap=\skip44
\multlinetaggap=\skip45
\mathdisplay@stack=\toks18
LaTeX Info: Redefining \[ on input line 2844.
LaTeX Info: Redefining \] on input line 2845.
)
("C:\Users\Luna.DESKTOP-PEBO18O\AppData\Local\Programs\MiKTeX 2.9\tex/latex/ams
fonts\amsfonts.sty"
Package: amsfonts 2013/01/14 v3.01 Basic AMSFonts support
\symAMSa=\mathgroup4
\symAMSb=\mathgroup5
LaTeX Font Info:    Overwriting math alphabet `\mathfrak' in version `bold'
(Font)                  U/euf/m/n --> U/euf/b/n on input line 106.
)
("C:\Users\Luna.DESKTOP-PEBO18O\AppData\Local\Programs\MiKTeX 2.9\tex/latex/ams
fonts\amssymb.sty"
Package: amssymb 2013/01/14 v3.01 AMS font symbols
)
("C:\Users\Luna.DESKTOP-PEBO18O\AppData\Local\Programs\MiKTeX 2.9\tex/latex/gra
phics\graphicx.sty"
Package: graphicx 2017/06/01 v1.1a Enhanced LaTeX Graphics (DPC,SPQR)

("C:\Users\Luna.DESKTOP-PEBO18O\AppData\Local\Programs\MiKTeX 2.9\tex/latex/gra
phics\keyval.sty"
Package: keyval 2014/10/28 v1.15 key=value parser (DPC)
\KV@toks@=\toks19
)
("C:\Users\Luna.DESKTOP-PEBO18O\AppData\Local\Programs\MiKTeX 2.9\tex/latex/gra
phics\graphics.sty"
Package: graphics 2017/06/25 v1.2c Standard LaTeX Graphics (DPC,SPQR)

("C:\Users\Luna.DESKTOP-PEBO18O\AppData\Local\Programs\MiKTeX 2.9\tex/latex/gra
phics\trig.sty"
Package: trig 2016/01/03 v1.10 sin cos tan (DPC)
)
("C:\Users\Luna.DESKTOP-PEBO18O\AppData\Local\Programs\MiKTeX 2.9\tex/latex/gra
phics-cfg\graphics.cfg"
File: graphics.cfg 2016/06/04 v1.11 sample graphics configuration
)
Package graphics Info: Driver file: pdftex.def on input line 99.

("C:\Users\Luna.DESKTOP-PEBO18O\AppData\Local\Programs\MiKTeX 2.9\tex/latex/gra
phics-def\pdftex.def"
File: pdftex.def 2018/01/08 v1.0l Graphics/color driver for pdftex
))
\Gin@req@height=\dimen112
\Gin@req@width=\dimen113
)
("C:\Users\Luna.DESKTOP-PEBO18O\AppData\Local\Programs\MiKTeX 2.9\tex/latex/enu
mitem\enumitem.sty"
Package: enumitem 2019/06/20 v3.9 Customized lists
\labelindent=\skip46
\enit@outerparindent=\dimen114
\enit@toks=\toks20
\enit@inbox=\box29
\enit@count@id=\count100
\enitdp@description=\count101
)
("C:\Users\Luna.DESKTOP-PEBO18O\AppData\Local\Programs\MiKTeX 2.9\tex/latex/alg
orithmicx\algorithmicx.sty"
Package: algorithmicx 2005/04/27 v1.2 Algorithmicx

("C:\Users\Luna.DESKTOP-PEBO18O\AppData\Local\Programs\MiKTeX 2.9\tex/latex/bas
e\ifthen.sty"
Package: ifthen 2014/09/29 v1.1c Standard LaTeX ifthen package (DPC)
)
Document Style algorithmicx 1.2 - a greatly improved `algorithmic' style
\c@ALG@line=\count102
\c@ALG@rem=\count103
\c@ALG@nested=\count104
\ALG@tlm=\skip47
\ALG@thistlm=\skip48
\c@ALG@Lnr=\count105
\c@ALG@blocknr=\count106
\c@ALG@storecount=\count107
\c@ALG@tmpcounter=\count108
\ALG@tmplength=\skip49
)
("C:\Users\Luna.DESKTOP-PEBO18O\AppData\Local\Programs\MiKTeX 2.9\tex/latex/ams
cls\amsthm.sty"
Package: amsthm 2017/10/31 v2.20.4
\thm@style=\toks21
\thm@bodyfont=\toks22
\thm@headfont=\toks23
\thm@notefont=\toks24
\thm@headpunct=\toks25
\thm@preskip=\skip50
\thm@postskip=\skip51
\thm@headsep=\skip52
\dth@everypar=\toks26
)
("C:\Users\Luna.DESKTOP-PEBO18O\AppData\Local\Programs\MiKTeX 2.9\tex/latex/fan
cyhdr\fancyhdr.sty"
Package: fancyhdr 2019/01/31 v3.10 Extensive control of page headers and footer
s
\f@nch@headwidth=\skip53
\f@nch@O@elh=\skip54
\f@nch@O@erh=\skip55
\f@nch@O@olh=\skip56
\f@nch@O@orh=\skip57
\f@nch@O@elf=\skip58
\f@nch@O@erf=\skip59
\f@nch@O@olf=\skip60
\f@nch@O@orf=\skip61
)
("C:\Users\Luna.DESKTOP-PEBO18O\AppData\Local\Programs\MiKTeX 2.9\tex/latex/tkz
-berge\tkz-berge.sty"
Package: tkz-berge 2011/06/01 1.00 c tkz-berge for named graphs

("C:\Users\Luna.DESKTOP-PEBO18O\AppData\Local\Programs\MiKTeX 2.9\tex/latex/tkz
-graph\tkz-graph.sty"
Package: tkz-graph 2018/09/19 ctan v 1.00 d base for graphs

("C:\Users\Luna.DESKTOP-PEBO18O\AppData\Local\Programs\MiKTeX 2.9\tex/latex/xke
yval\xkeyval.sty"
Package: xkeyval 2014/12/03 v2.7a package option processing (HA)

("C:\Users\Luna.DESKTOP-PEBO18O\AppData\Local\Programs\MiKTeX 2.9\tex/generic/x
keyval\xkeyval.tex"
("C:\Users\Luna.DESKTOP-PEBO18O\AppData\Local\Programs\MiKTeX 2.9\tex/generic/x
keyval\xkvutils.tex"
\XKV@toks=\toks27
\XKV@tempa@toks=\toks28
)
\XKV@depth=\count109
File: xkeyval.tex 2014/12/03 v2.7a key=value parser (HA)
))
("C:\Users\Luna.DESKTOP-PEBO18O\AppData\Local\Programs\MiKTeX 2.9\tex/latex/pgf
/frontendlayer\tikz.sty"
("C:\Users\Luna.DESKTOP-PEBO18O\AppData\Local\Programs\MiKTeX 2.9\tex/latex/pgf
/basiclayer\pgf.sty"
("C:\Users\Luna.DESKTOP-PEBO18O\AppData\Local\Programs\MiKTeX 2.9\tex/latex/pgf
/utilities\pgfrcs.sty"
("C:\Users\Luna.DESKTOP-PEBO18O\AppData\Local\Programs\MiKTeX 2.9\tex/generic/p
gf/utilities\pgfutil-common.tex"
\pgfutil@everybye=\toks29
\pgfutil@tempdima=\dimen115
\pgfutil@tempdimb=\dimen116

("C:\Users\Luna.DESKTOP-PEBO18O\AppData\Local\Programs\MiKTeX 2.9\tex/generic/p
gf/utilities\pgfutil-common-lists.tex"))
("C:\Users\Luna.DESKTOP-PEBO18O\AppData\Local\Programs\MiKTeX 2.9\tex/generic/p
gf/utilities\pgfutil-latex.def"
\pgfutil@abb=\box30

("C:\Users\Luna.DESKTOP-PEBO18O\AppData\Local\Programs\MiKTeX 2.9\tex/latex/ms\
everyshi.sty"
Package: everyshi 2001/05/15 v3.00 EveryShipout Package (MS)
))
("C:\Users\Luna.DESKTOP-PEBO18O\AppData\Local\Programs\MiKTeX 2.9\tex/generic/p
gf/utilities\pgfrcs.code.tex"
("C:\Users\Luna.DESKTOP-PEBO18O\AppData\Local\Programs\MiKTeX 2.9\tex/generic/p
gf\pgf.revision.tex")
Package: pgfrcs 2019/08/03 v3.1.4b (3.1.4b)
))
Package: pgf 2019/08/03 v3.1.4b (3.1.4b)

("C:\Users\Luna.DESKTOP-PEBO18O\AppData\Local\Programs\MiKTeX 2.9\tex/latex/pgf
/basiclayer\pgfcore.sty"
("C:\Users\Luna.DESKTOP-PEBO18O\AppData\Local\Programs\MiKTeX 2.9\tex/latex/pgf
/systemlayer\pgfsys.sty"
("C:\Users\Luna.DESKTOP-PEBO18O\AppData\Local\Programs\MiKTeX 2.9\tex/generic/p
gf/systemlayer\pgfsys.code.tex"
Package: pgfsys 2019/08/03 v3.1.4b (3.1.4b)

("C:\Users\Luna.DESKTOP-PEBO18O\AppData\Local\Programs\MiKTeX 2.9\tex/generic/p
gf/utilities\pgfkeys.code.tex"
\pgfkeys@pathtoks=\toks30
\pgfkeys@temptoks=\toks31

("C:\Users\Luna.DESKTOP-PEBO18O\AppData\Local\Programs\MiKTeX 2.9\tex/generic/p
gf/utilities\pgfkeysfiltered.code.tex"
\pgfkeys@tmptoks=\toks32
))
\pgf@x=\dimen117
\pgf@y=\dimen118
\pgf@xa=\dimen119
\pgf@ya=\dimen120
\pgf@xb=\dimen121
\pgf@yb=\dimen122
\pgf@xc=\dimen123
\pgf@yc=\dimen124
\pgf@xd=\dimen125
\pgf@yd=\dimen126
\w@pgf@writea=\write3
\r@pgf@reada=\read1
\c@pgf@counta=\count110
\c@pgf@countb=\count111
\c@pgf@countc=\count112
\c@pgf@countd=\count113
\t@pgf@toka=\toks33
\t@pgf@tokb=\toks34
\t@pgf@tokc=\toks35
\pgf@sys@id@count=\count114

("C:\Users\Luna.DESKTOP-PEBO18O\AppData\Local\Programs\MiKTeX 2.9\tex/generic/p
gf/systemlayer\pgf.cfg"
File: pgf.cfg 2019/08/03 v3.1.4b (3.1.4b)
)
Driver file for pgf: pgfsys-pdftex.def

("C:\Users\Luna.DESKTOP-PEBO18O\AppData\Local\Programs\MiKTeX 2.9\tex/generic/p
gf/systemlayer\pgfsys-pdftex.def"
File: pgfsys-pdftex.def 2019/08/03 v3.1.4b (3.1.4b)

("C:\Users\Luna.DESKTOP-PEBO18O\AppData\Local\Programs\MiKTeX 2.9\tex/generic/p
gf/systemlayer\pgfsys-common-pdf.def"
File: pgfsys-common-pdf.def 2019/08/03 v3.1.4b (3.1.4b)
)))
("C:\Users\Luna.DESKTOP-PEBO18O\AppData\Local\Programs\MiKTeX 2.9\tex/generic/p
gf/systemlayer\pgfsyssoftpath.code.tex"
File: pgfsyssoftpath.code.tex 2019/08/03 v3.1.4b (3.1.4b)
\pgfsyssoftpath@smallbuffer@items=\count115
\pgfsyssoftpath@bigbuffer@items=\count116
)
("C:\Users\Luna.DESKTOP-PEBO18O\AppData\Local\Programs\MiKTeX 2.9\tex/generic/p
gf/systemlayer\pgfsysprotocol.code.tex"
File: pgfsysprotocol.code.tex 2019/08/03 v3.1.4b (3.1.4b)
))
("C:\Users\Luna.DESKTOP-PEBO18O\AppData\Local\Programs\MiKTeX 2.9\tex/latex/xco
lor\xcolor.sty"
Package: xcolor 2016/05/11 v2.12 LaTeX color extensions (UK)

("C:\Users\Luna.DESKTOP-PEBO18O\AppData\Local\Programs\MiKTeX 2.9\tex/latex/gra
phics-cfg\color.cfg"
File: color.cfg 2016/01/02 v1.6 sample color configuration
)
Package xcolor Info: Driver file: pdftex.def on input line 225.
Package xcolor Info: Model `cmy' substituted by `cmy0' on input line 1348.
Package xcolor Info: Model `hsb' substituted by `rgb' on input line 1352.
Package xcolor Info: Model `RGB' extended on input line 1364.
Package xcolor Info: Model `HTML' substituted by `rgb' on input line 1366.
Package xcolor Info: Model `Hsb' substituted by `hsb' on input line 1367.
Package xcolor Info: Model `tHsb' substituted by `hsb' on input line 1368.
Package xcolor Info: Model `HSB' substituted by `hsb' on input line 1369.
Package xcolor Info: Model `Gray' substituted by `gray' on input line 1370.
Package xcolor Info: Model `wave' substituted by `hsb' on input line 1371.
)
("C:\Users\Luna.DESKTOP-PEBO18O\AppData\Local\Programs\MiKTeX 2.9\tex/generic/p
gf/basiclayer\pgfcore.code.tex"
Package: pgfcore 2019/08/03 v3.1.4b (3.1.4b)

("C:\Users\Luna.DESKTOP-PEBO18O\AppData\Local\Programs\MiKTeX 2.9\tex/generic/p
gf/math\pgfmath.code.tex"
("C:\Users\Luna.DESKTOP-PEBO18O\AppData\Local\Programs\MiKTeX 2.9\tex/generic/p
gf/math\pgfmathcalc.code.tex"
("C:\Users\Luna.DESKTOP-PEBO18O\AppData\Local\Programs\MiKTeX 2.9\tex/generic/p
gf/math\pgfmathutil.code.tex")
("C:\Users\Luna.DESKTOP-PEBO18O\AppData\Local\Programs\MiKTeX 2.9\tex/generic/p
gf/math\pgfmathparser.code.tex"
\pgfmath@dimen=\dimen127
\pgfmath@count=\count117
\pgfmath@box=\box31
\pgfmath@toks=\toks36
\pgfmath@stack@operand=\toks37
\pgfmath@stack@operation=\toks38
)
("C:\Users\Luna.DESKTOP-PEBO18O\AppData\Local\Programs\MiKTeX 2.9\tex/generic/p
gf/math\pgfmathfunctions.code.tex"
("C:\Users\Luna.DESKTOP-PEBO18O\AppData\Local\Programs\MiKTeX 2.9\tex/generic/p
gf/math\pgfmathfunctions.basic.code.tex")
("C:\Users\Luna.DESKTOP-PEBO18O\AppData\Local\Programs\MiKTeX 2.9\tex/generic/p
gf/math\pgfmathfunctions.trigonometric.code.tex")
("C:\Users\Luna.DESKTOP-PEBO18O\AppData\Local\Programs\MiKTeX 2.9\tex/generic/p
gf/math\pgfmathfunctions.random.code.tex")
("C:\Users\Luna.DESKTOP-PEBO18O\AppData\Local\Programs\MiKTeX 2.9\tex/generic/p
gf/math\pgfmathfunctions.comparison.code.tex")
("C:\Users\Luna.DESKTOP-PEBO18O\AppData\Local\Programs\MiKTeX 2.9\tex/generic/p
gf/math\pgfmathfunctions.base.code.tex")
("C:\Users\Luna.DESKTOP-PEBO18O\AppData\Local\Programs\MiKTeX 2.9\tex/generic/p
gf/math\pgfmathfunctions.round.code.tex")
("C:\Users\Luna.DESKTOP-PEBO18O\AppData\Local\Programs\MiKTeX 2.9\tex/generic/p
gf/math\pgfmathfunctions.misc.code.tex")
("C:\Users\Luna.DESKTOP-PEBO18O\AppData\Local\Programs\MiKTeX 2.9\tex/generic/p
gf/math\pgfmathfunctions.integerarithmetics.code.tex")))
("C:\Users\Luna.DESKTOP-PEBO18O\AppData\Local\Programs\MiKTeX 2.9\tex/generic/p
gf/math\pgfmathfloat.code.tex"
\c@pgfmathroundto@lastzeros=\count118
))
("C:\Users\Luna.DESKTOP-PEBO18O\AppData\Local\Programs\MiKTeX 2.9\tex/generic/p
gf/math\pgfint.code.tex")
("C:\Users\Luna.DESKTOP-PEBO18O\AppData\Local\Programs\MiKTeX 2.9\tex/generic/p
gf/basiclayer\pgfcorepoints.code.tex"
File: pgfcorepoints.code.tex 2019/08/03 v3.1.4b (3.1.4b)
\pgf@picminx=\dimen128
\pgf@picmaxx=\dimen129
\pgf@picminy=\dimen130
\pgf@picmaxy=\dimen131
\pgf@pathminx=\dimen132
\pgf@pathmaxx=\dimen133
\pgf@pathminy=\dimen134
\pgf@pathmaxy=\dimen135
\pgf@xx=\dimen136
\pgf@xy=\dimen137
\pgf@yx=\dimen138
\pgf@yy=\dimen139
\pgf@zx=\dimen140
\pgf@zy=\dimen141
)
("C:\Users\Luna.DESKTOP-PEBO18O\AppData\Local\Programs\MiKTeX 2.9\tex/generic/p
gf/basiclayer\pgfcorepathconstruct.code.tex"
File: pgfcorepathconstruct.code.tex 2019/08/03 v3.1.4b (3.1.4b)
\pgf@path@lastx=\dimen142
\pgf@path@lasty=\dimen143
)
("C:\Users\Luna.DESKTOP-PEBO18O\AppData\Local\Programs\MiKTeX 2.9\tex/generic/p
gf/basiclayer\pgfcorepathusage.code.tex"
File: pgfcorepathusage.code.tex 2019/08/03 v3.1.4b (3.1.4b)
\pgf@shorten@end@additional=\dimen144
\pgf@shorten@start@additional=\dimen145
)
("C:\Users\Luna.DESKTOP-PEBO18O\AppData\Local\Programs\MiKTeX 2.9\tex/generic/p
gf/basiclayer\pgfcorescopes.code.tex"
File: pgfcorescopes.code.tex 2019/08/03 v3.1.4b (3.1.4b)
\pgfpic=\box32
\pgf@hbox=\box33
\pgf@layerbox@main=\box34
\pgf@picture@serial@count=\count119
)
("C:\Users\Luna.DESKTOP-PEBO18O\AppData\Local\Programs\MiKTeX 2.9\tex/generic/p
gf/basiclayer\pgfcoregraphicstate.code.tex"
File: pgfcoregraphicstate.code.tex 2019/08/03 v3.1.4b (3.1.4b)
\pgflinewidth=\dimen146
)
("C:\Users\Luna.DESKTOP-PEBO18O\AppData\Local\Programs\MiKTeX 2.9\tex/generic/p
gf/basiclayer\pgfcoretransformations.code.tex"
File: pgfcoretransformations.code.tex 2019/08/03 v3.1.4b (3.1.4b)
\pgf@pt@x=\dimen147
\pgf@pt@y=\dimen148
\pgf@pt@temp=\dimen149
)
("C:\Users\Luna.DESKTOP-PEBO18O\AppData\Local\Programs\MiKTeX 2.9\tex/generic/p
gf/basiclayer\pgfcorequick.code.tex"
File: pgfcorequick.code.tex 2019/08/03 v3.1.4b (3.1.4b)
)
("C:\Users\Luna.DESKTOP-PEBO18O\AppData\Local\Programs\MiKTeX 2.9\tex/generic/p
gf/basiclayer\pgfcoreobjects.code.tex"
File: pgfcoreobjects.code.tex 2019/08/03 v3.1.4b (3.1.4b)
)
("C:\Users\Luna.DESKTOP-PEBO18O\AppData\Local\Programs\MiKTeX 2.9\tex/generic/p
gf/basiclayer\pgfcorepathprocessing.code.tex"
File: pgfcorepathprocessing.code.tex 2019/08/03 v3.1.4b (3.1.4b)
)
("C:\Users\Luna.DESKTOP-PEBO18O\AppData\Local\Programs\MiKTeX 2.9\tex/generic/p
gf/basiclayer\pgfcorearrows.code.tex"
File: pgfcorearrows.code.tex 2019/08/03 v3.1.4b (3.1.4b)
\pgfarrowsep=\dimen150
)
("C:\Users\Luna.DESKTOP-PEBO18O\AppData\Local\Programs\MiKTeX 2.9\tex/generic/p
gf/basiclayer\pgfcoreshade.code.tex"
File: pgfcoreshade.code.tex 2019/08/03 v3.1.4b (3.1.4b)
\pgf@max=\dimen151
\pgf@sys@shading@range@num=\count120
\pgf@shadingcount=\count121
)
("C:\Users\Luna.DESKTOP-PEBO18O\AppData\Local\Programs\MiKTeX 2.9\tex/generic/p
gf/basiclayer\pgfcoreimage.code.tex"
File: pgfcoreimage.code.tex 2019/08/03 v3.1.4b (3.1.4b)

("C:\Users\Luna.DESKTOP-PEBO18O\AppData\Local\Programs\MiKTeX 2.9\tex/generic/p
gf/basiclayer\pgfcoreexternal.code.tex"
File: pgfcoreexternal.code.tex 2019/08/03 v3.1.4b (3.1.4b)
\pgfexternal@startupbox=\box35
))
("C:\Users\Luna.DESKTOP-PEBO18O\AppData\Local\Programs\MiKTeX 2.9\tex/generic/p
gf/basiclayer\pgfcorelayers.code.tex"
File: pgfcorelayers.code.tex 2019/08/03 v3.1.4b (3.1.4b)
)
("C:\Users\Luna.DESKTOP-PEBO18O\AppData\Local\Programs\MiKTeX 2.9\tex/generic/p
gf/basiclayer\pgfcoretransparency.code.tex"
File: pgfcoretransparency.code.tex 2019/08/03 v3.1.4b (3.1.4b)
)
("C:\Users\Luna.DESKTOP-PEBO18O\AppData\Local\Programs\MiKTeX 2.9\tex/generic/p
gf/basiclayer\pgfcorepatterns.code.tex"
File: pgfcorepatterns.code.tex 2019/08/03 v3.1.4b (3.1.4b)
)
("C:\Users\Luna.DESKTOP-PEBO18O\AppData\Local\Programs\MiKTeX 2.9\tex/generic/p
gf/basiclayer\pgfcorerdf.code.tex"
File: pgfcorerdf.code.tex 2019/08/03 v3.1.4b (3.1.4b)
)))
("C:\Users\Luna.DESKTOP-PEBO18O\AppData\Local\Programs\MiKTeX 2.9\tex/generic/p
gf/modules\pgfmoduleshapes.code.tex"
File: pgfmoduleshapes.code.tex 2019/08/03 v3.1.4b (3.1.4b)
\pgfnodeparttextbox=\box36
)
("C:\Users\Luna.DESKTOP-PEBO18O\AppData\Local\Programs\MiKTeX 2.9\tex/generic/p
gf/modules\pgfmoduleplot.code.tex"
File: pgfmoduleplot.code.tex 2019/08/03 v3.1.4b (3.1.4b)
)
("C:\Users\Luna.DESKTOP-PEBO18O\AppData\Local\Programs\MiKTeX 2.9\tex/latex/pgf
/compatibility\pgfcomp-version-0-65.sty"
Package: pgfcomp-version-0-65 2019/08/03 v3.1.4b (3.1.4b)
\pgf@nodesepstart=\dimen152
\pgf@nodesepend=\dimen153
)
("C:\Users\Luna.DESKTOP-PEBO18O\AppData\Local\Programs\MiKTeX 2.9\tex/latex/pgf
/compatibility\pgfcomp-version-1-18.sty"
Package: pgfcomp-version-1-18 2019/08/03 v3.1.4b (3.1.4b)
))
("C:\Users\Luna.DESKTOP-PEBO18O\AppData\Local\Programs\MiKTeX 2.9\tex/latex/pgf
/utilities\pgffor.sty"
("C:\Users\Luna.DESKTOP-PEBO18O\AppData\Local\Programs\MiKTeX 2.9\tex/latex/pgf
/utilities\pgfkeys.sty"
("C:\Users\Luna.DESKTOP-PEBO18O\AppData\Local\Programs\MiKTeX 2.9\tex/generic/p
gf/utilities\pgfkeys.code.tex"))
("C:\Users\Luna.DESKTOP-PEBO18O\AppData\Local\Programs\MiKTeX 2.9\tex/latex/pgf
/math\pgfmath.sty"
("C:\Users\Luna.DESKTOP-PEBO18O\AppData\Local\Programs\MiKTeX 2.9\tex/generic/p
gf/math\pgfmath.code.tex"))
("C:\Users\Luna.DESKTOP-PEBO18O\AppData\Local\Programs\MiKTeX 2.9\tex/generic/p
gf/utilities\pgffor.code.tex"
Package: pgffor 2019/08/03 v3.1.4b (3.1.4b)

("C:\Users\Luna.DESKTOP-PEBO18O\AppData\Local\Programs\MiKTeX 2.9\tex/generic/p
gf/math\pgfmath.code.tex")
\pgffor@iter=\dimen154
\pgffor@skip=\dimen155
\pgffor@stack=\toks39
\pgffor@toks=\toks40
))
("C:\Users\Luna.DESKTOP-PEBO18O\AppData\Local\Programs\MiKTeX 2.9\tex/generic/p
gf/frontendlayer/tikz\tikz.code.tex"
Package: tikz 2019/08/03 v3.1.4b (3.1.4b)

("C:\Users\Luna.DESKTOP-PEBO18O\AppData\Local\Programs\MiKTeX 2.9\tex/generic/p
gf/libraries\pgflibraryplothandlers.code.tex"
File: pgflibraryplothandlers.code.tex 2019/08/03 v3.1.4b (3.1.4b)
\pgf@plot@mark@count=\count122
\pgfplotmarksize=\dimen156
)
\tikz@lastx=\dimen157
\tikz@lasty=\dimen158
\tikz@lastxsaved=\dimen159
\tikz@lastysaved=\dimen160
\tikz@lastmovetox=\dimen161
\tikz@lastmovetoy=\dimen162
\tikzleveldistance=\dimen163
\tikzsiblingdistance=\dimen164
\tikz@figbox=\box37
\tikz@figbox@bg=\box38
\tikz@tempbox=\box39
\tikz@tempbox@bg=\box40
\tikztreelevel=\count123
\tikznumberofchildren=\count124
\tikznumberofcurrentchild=\count125
\tikz@fig@count=\count126

("C:\Users\Luna.DESKTOP-PEBO18O\AppData\Local\Programs\MiKTeX 2.9\tex/generic/p
gf/modules\pgfmodulematrix.code.tex"
File: pgfmodulematrix.code.tex 2019/08/03 v3.1.4b (3.1.4b)
\pgfmatrixcurrentrow=\count127
\pgfmatrixcurrentcolumn=\count128
\pgf@matrix@numberofcolumns=\count129
)
\tikz@expandcount=\count130

("C:\Users\Luna.DESKTOP-PEBO18O\AppData\Local\Programs\MiKTeX 2.9\tex/generic/p
gf/frontendlayer/tikz/libraries\tikzlibrarytopaths.code.tex"
File: tikzlibrarytopaths.code.tex 2019/08/03 v3.1.4b (3.1.4b)
)))
("C:\Users\Luna.DESKTOP-PEBO18O\AppData\Local\Programs\MiKTeX 2.9\tex/generic/p
gf/frontendlayer/tikz/libraries\tikzlibraryarrows.code.tex"
File: tikzlibraryarrows.code.tex 2019/08/03 v3.1.4b (3.1.4b)

("C:\Users\Luna.DESKTOP-PEBO18O\AppData\Local\Programs\MiKTeX 2.9\tex/generic/p
gf/libraries\pgflibraryarrows.code.tex"
File: pgflibraryarrows.code.tex 2019/08/03 v3.1.4b (3.1.4b)
\arrowsize=\dimen165
))
\c@tkz@gr@a=\count131
\c@tkz@gr@b=\count132
\c@tkz@gr@c=\count133
\c@tkz@gr@e=\count134
\c@tkz@gr@d=\count135
\c@tkz@gr@p=\count136
\c@tkz@gr@i=\count137
\c@tkz@gr@n=\count138
\c@tkz@gr@ta=\count139
\c@tkz@gr@tb=\count140
)
("C:\Users\Luna.DESKTOP-PEBO18O\AppData\Local\Programs\MiKTeX 2.9\tex/latex/tkz
-berge\tkz-arith.sty"
Package: tkz-arith 2011/02/28 v 1.00 c integers numbers

("C:\Users\Luna.DESKTOP-PEBO18O\AppData\Local\Programs\MiKTeX 2.9\tex/latex/tkz
-base\tkz-tools-arith.tex"
File: tkz-tool-arith.tex tkz-tool-arith 1.161 d
))
\c@tkz@bg@cnt=\count141
\c@tkza@tmp=\count142
)
("C:\Users\Luna.DESKTOP-PEBO18O\AppData\Local\Programs\MiKTeX 2.9\tex/generic/p
gf/frontendlayer/tikz/libraries\tikzlibrarypositioning.code.tex"
File: tikzlibrarypositioning.code.tex 2019/08/03 v3.1.4b (3.1.4b)
)
("C:\Users\Luna.DESKTOP-PEBO18O\AppData\Local\Programs\MiKTeX 2.9\tex/generic/p
gf/frontendlayer/tikz/libraries\tikzlibraryautomata.code.tex"
File: tikzlibraryautomata.code.tex 2019/08/03 v3.1.4b (3.1.4b)

("C:\Users\Luna.DESKTOP-PEBO18O\AppData\Local\Programs\MiKTeX 2.9\tex/generic/p
gf/frontendlayer/tikz/libraries\tikzlibraryshapes.multipart.code.tex"
File: tikzlibraryshapes.multipart.code.tex 2019/08/03 v3.1.4b (3.1.4b)

("C:\Users\Luna.DESKTOP-PEBO18O\AppData\Local\Programs\MiKTeX 2.9\tex/generic/p
gf/libraries/shapes\pgflibraryshapes.multipart.code.tex"
File: pgflibraryshapes.multipart.code.tex 2019/08/03 v3.1.4b (3.1.4b)
\pgfnodepartlowerbox=\box41
\pgfnodeparttwobox=\box42
\pgfnodepartthreebox=\box43
\pgfnodepartfourbox=\box44
\pgfnodeparttwentybox=\box45
\pgfnodepartnineteenbox=\box46
\pgfnodeparteighteenbox=\box47
\pgfnodepartseventeenbox=\box48
\pgfnodepartsixteenbox=\box49
\pgfnodepartfifteenbox=\box50
\pgfnodepartfourteenbox=\box51
\pgfnodepartthirteenbox=\box52
\pgfnodeparttwelvebox=\box53
\pgfnodepartelevenbox=\box54
\pgfnodeparttenbox=\box55
\pgfnodepartninebox=\box56
\pgfnodeparteightbox=\box57
\pgfnodepartsevenbox=\box58
\pgfnodepartsixbox=\box59
\pgfnodepartfivebox=\box60
)))
("C:\Users\Luna.DESKTOP-PEBO18O\AppData\Local\Programs\MiKTeX 2.9\tex/latex/hyp
erref\hyperref.sty"
Package: hyperref 2019/06/12 v6.88h Hypertext links for LaTeX

("C:\Users\Luna.DESKTOP-PEBO18O\AppData\Local\Programs\MiKTeX 2.9\tex/generic/o
berdiek\hobsub-hyperref.sty"
Package: hobsub-hyperref 2016/05/16 v1.14 Bundle oberdiek, subset hyperref (HO)


("C:\Users\Luna.DESKTOP-PEBO18O\AppData\Local\Programs\MiKTeX 2.9\tex/generic/o
berdiek\hobsub-generic.sty"
Package: hobsub-generic 2016/05/16 v1.14 Bundle oberdiek, subset generic (HO)
Package: hobsub 2016/05/16 v1.14 Construct package bundles (HO)
Package: infwarerr 2016/05/16 v1.4 Providing info/warning/error messages (HO)
Package: ltxcmds 2016/05/16 v1.23 LaTeX kernel commands for general use (HO)
Package: ifluatex 2016/05/16 v1.4 Provides the ifluatex switch (HO)
Package ifluatex Info: LuaTeX not detected.
Package: ifvtex 2016/05/16 v1.6 Detect VTeX and its facilities (HO)
Package ifvtex Info: VTeX not detected.
Package: intcalc 2016/05/16 v1.2 Expandable calculations with integers (HO)
Package: ifpdf 2018/09/07 v3.3 Provides the ifpdf switch
Package: etexcmds 2016/05/16 v1.6 Avoid name clashes with e-TeX commands (HO)
Package: kvsetkeys 2016/05/16 v1.17 Key value parser (HO)
Package: kvdefinekeys 2016/05/16 v1.4 Define keys (HO)
Package: pdftexcmds 2019/07/25 v0.30 Utility functions of pdfTeX for LuaTeX (HO
)
Package pdftexcmds Info: LuaTeX not detected.
Package pdftexcmds Info: \pdf@primitive is available.
Package pdftexcmds Info: \pdf@ifprimitive is available.
Package pdftexcmds Info: \pdfdraftmode found.
Package: pdfescape 2016/05/16 v1.14 Implements pdfTeX's escape features (HO)
Package: bigintcalc 2016/05/16 v1.4 Expandable calculations on big integers (HO
)
Package: bitset 2016/05/16 v1.2 Handle bit-vector datatype (HO)
Package: uniquecounter 2016/05/16 v1.3 Provide unlimited unique counter (HO)
)
Package hobsub Info: Skipping package `hobsub' (already loaded).
Package: letltxmacro 2016/05/16 v1.5 Let assignment for LaTeX macros (HO)
Package: hopatch 2016/05/16 v1.3 Wrapper for package hooks (HO)
Package: xcolor-patch 2016/05/16 xcolor patch
Package: atveryend 2016/05/16 v1.9 Hooks at the very end of document (HO)
Package atveryend Info: \enddocument detected (standard20110627).
Package: atbegshi 2016/06/09 v1.18 At begin shipout hook (HO)
Package: refcount 2016/05/16 v3.5 Data extraction from label references (HO)
Package: hycolor 2016/05/16 v1.8 Color options for hyperref/bookmark (HO)
)
("C:\Users\Luna.DESKTOP-PEBO18O\AppData\Local\Programs\MiKTeX 2.9\tex/generic/i
fxetex\ifxetex.sty"
Package: ifxetex 2010/09/12 v0.6 Provides ifxetex conditional
)
("C:\Users\Luna.DESKTOP-PEBO18O\AppData\Local\Programs\MiKTeX 2.9\tex/latex/obe
rdiek\auxhook.sty"
Package: auxhook 2016/05/16 v1.4 Hooks for auxiliary files (HO)
)
("C:\Users\Luna.DESKTOP-PEBO18O\AppData\Local\Programs\MiKTeX 2.9\tex/latex/obe
rdiek\kvoptions.sty"
Package: kvoptions 2016/05/16 v3.12 Key value format for package options (HO)
)
\@linkdim=\dimen166
\Hy@linkcounter=\count143
\Hy@pagecounter=\count144

("C:\Users\Luna.DESKTOP-PEBO18O\AppData\Local\Programs\MiKTeX 2.9\tex/latex/hyp
erref\pd1enc.def"
File: pd1enc.def 2019/06/12 v6.88h Hyperref: PDFDocEncoding definition (HO)
Now handling font encoding PD1 ...
... no UTF-8 mapping file for font encoding PD1
)
\Hy@SavedSpaceFactor=\count145

("C:\Users\Luna.DESKTOP-PEBO18O\AppData\Local\Programs\MiKTeX 2.9\tex/latex/00m
iktex\hyperref.cfg"
File: hyperref.cfg 2002/06/06 v1.2 hyperref configuration of TeXLive
)
Package hyperref Info: Hyper figures OFF on input line 4550.
Package hyperref Info: Link nesting OFF on input line 4555.
Package hyperref Info: Hyper index ON on input line 4558.
Package hyperref Info: Plain pages OFF on input line 4565.
Package hyperref Info: Backreferencing OFF on input line 4570.
Package hyperref Info: Implicit mode ON; LaTeX internals redefined.
Package hyperref Info: Bookmarks ON on input line 4803.
\c@Hy@tempcnt=\count146

("C:\Users\Luna.DESKTOP-PEBO18O\AppData\Local\Programs\MiKTeX 2.9\tex/latex/url
\url.sty"
\Urlmuskip=\muskip11
Package: url 2013/09/16  ver 3.4  Verb mode for urls, etc.
)
LaTeX Info: Redefining \url on input line 5156.
\XeTeXLinkMargin=\dimen167
\Fld@menulength=\count147
\Field@Width=\dimen168
\Fld@charsize=\dimen169
Package hyperref Info: Hyper figures OFF on input line 6411.
Package hyperref Info: Link nesting OFF on input line 6416.
Package hyperref Info: Hyper index ON on input line 6419.
Package hyperref Info: backreferencing OFF on input line 6426.
Package hyperref Info: Link coloring OFF on input line 6431.
Package hyperref Info: Link coloring with OCG OFF on input line 6436.
Package hyperref Info: PDF/A mode OFF on input line 6441.
LaTeX Info: Redefining \ref on input line 6481.
LaTeX Info: Redefining \pageref on input line 6485.
\Hy@abspage=\count148
\c@Item=\count149
\c@Hfootnote=\count150
)
Package hyperref Info: Driver (autodetected): hpdftex.

("C:\Users\Luna.DESKTOP-PEBO18O\AppData\Local\Programs\MiKTeX 2.9\tex/latex/hyp
erref\hpdftex.def"
File: hpdftex.def 2019/06/12 v6.88h Hyperref driver for pdfTeX
\Fld@listcount=\count151
\c@bookmark@seq@number=\count152

("C:\Users\Luna.DESKTOP-PEBO18O\AppData\Local\Programs\MiKTeX 2.9\tex/latex/obe
rdiek\rerunfilecheck.sty"
Package: rerunfilecheck 2016/05/16 v1.8 Rerun checks for auxiliary files (HO)
Package uniquecounter Info: New unique counter `rerunfilecheck' on input line 2
82.
)
\Hy@SectionHShift=\skip62
) (Luna_McBride_PS8b.aux)
\openout1 = `Luna_McBride_PS8b.aux'.

LaTeX Font Info:    Checking defaults for OML/cmm/m/it on input line 38.
LaTeX Font Info:    ... okay on input line 38.
LaTeX Font Info:    Checking defaults for T1/cmr/m/n on input line 38.
LaTeX Font Info:    ... okay on input line 38.
LaTeX Font Info:    Checking defaults for OT1/cmr/m/n on input line 38.
LaTeX Font Info:    ... okay on input line 38.
LaTeX Font Info:    Checking defaults for OMS/cmsy/m/n on input line 38.
LaTeX Font Info:    ... okay on input line 38.
LaTeX Font Info:    Checking defaults for OMX/cmex/m/n on input line 38.
LaTeX Font Info:    ... okay on input line 38.
LaTeX Font Info:    Checking defaults for U/cmr/m/n on input line 38.
LaTeX Font Info:    ... okay on input line 38.
LaTeX Font Info:    Checking defaults for PD1/pdf/m/n on input line 38.
LaTeX Font Info:    ... okay on input line 38.

("C:\Users\Luna.DESKTOP-PEBO18O\AppData\Local\Programs\MiKTeX 2.9\tex/context/b
ase/mkii\supp-pdf.mkii"
[Loading MPS to PDF converter (version 2006.09.02).]
\scratchcounter=\count153
\scratchdimen=\dimen170
\scratchbox=\box61
\nofMPsegments=\count154
\nofMParguments=\count155
\everyMPshowfont=\toks41
\MPscratchCnt=\count156
\MPscratchDim=\dimen171
\MPnumerator=\count157
\makeMPintoPDFobject=\count158
\everyMPtoPDFconversion=\toks42
)
("C:\Users\Luna.DESKTOP-PEBO18O\AppData\Local\Programs\MiKTeX 2.9\tex/latex/obe
rdiek\epstopdf-base.sty"
Package: epstopdf-base 2016/05/15 v2.6 Base part for package epstopdf

("C:\Users\Luna.DESKTOP-PEBO18O\AppData\Local\Programs\MiKTeX 2.9\tex/latex/obe
rdiek\grfext.sty"
Package: grfext 2016/05/16 v1.2 Manage graphics extensions (HO)
)
Package epstopdf-base Info: Redefining graphics rule for `.eps' on input line 4
38.
Package grfext Info: Graphics extension search list:
(grfext)             [.pdf,.png,.jpg,.mps,.jpeg,.jbig2,.jb2,.PDF,.PNG,.JPG,.JPE
G,.JBIG2,.JB2,.eps]
(grfext)             \AppendGraphicsExtensions on input line 456.
) ABD: EveryShipout initializing macros
\AtBeginShipoutBox=\box62
Package hyperref Info: Link coloring OFF on input line 38.

("C:\Users\Luna.DESKTOP-PEBO18O\AppData\Local\Programs\MiKTeX 2.9\tex/latex/hyp
erref\nameref.sty"
Package: nameref 2016/05/21 v2.44 Cross-referencing by name of section

("C:\Users\Luna.DESKTOP-PEBO18O\AppData\Local\Programs\MiKTeX 2.9\tex/generic/o
berdiek\gettitlestring.sty"
Package: gettitlestring 2016/05/16 v1.5 Cleanup title references (HO)
)
\c@section@level=\count159
)
LaTeX Info: Redefining \ref on input line 38.
LaTeX Info: Redefining \pageref on input line 38.
LaTeX Info: Redefining \nameref on input line 38.
 (Luna_McBride_PS8b.out) (Luna_McBride_PS8b.out)
\@outlinefile=\write4
\openout4 = `Luna_McBride_PS8b.out'.

LaTeX Font Info:    Try loading font information for OMS+cmr on input line 57.

("C:\Users\Luna.DESKTOP-PEBO18O\AppData\Local\Programs\MiKTeX 2.9\tex/latex/bas
e\omscmr.fd"
File: omscmr.fd 2014/09/29 v2.5h Standard LaTeX font definitions
)
LaTeX Font Info:    Font shape `OMS/cmr/m/n' in size <10.95> not available
(Font)              Font shape `OMS/cmsy/m/n' tried instead on input line 57.


Package Fancyhdr Warning: \headheight is too small (12.0pt): 
Make it at least 56.18335pt.
We now make it that large for the rest of the document.
This may cause the page layout to be inconsistent, however.

[1{C:/Users/Luna.DESKTOP-PEBO18O/AppData/Local/MiKTeX/2.9/pdftex/config/pdftex.
map}

]
LaTeX Font Info:    Font shape `OMS/cmr/m/n' in size <12> not available
(Font)              Font shape `OMS/cmsy/m/n' tried instead on input line 74.
 [2]
LaTeX Font Info:    Try loading font information for U+msa on input line 91.

("C:\Users\Luna.DESKTOP-PEBO18O\AppData\Local\Programs\MiKTeX 2.9\tex/latex/ams
fonts\umsa.fd"
File: umsa.fd 2013/01/14 v3.01 AMS symbols A
)
LaTeX Font Info:    Try loading font information for U+msb on input line 91.

("C:\Users\Luna.DESKTOP-PEBO18O\AppData\Local\Programs\MiKTeX 2.9\tex/latex/ams
fonts\umsb.fd"
File: umsb.fd 2013/01/14 v3.01 AMS symbols B
)
Underfull \hbox (badness 10000) in paragraph at lines 106--107

 []

[3] [4]
Underfull \hbox (badness 10000) in paragraph at lines 116--167

 []

[5] [6] [7] [8] [9]
Package atveryend Info: Empty hook `BeforeClearDocument' on input line 178.
Package atveryend Info: Empty hook `AfterLastShipout' on input line 178.
 (Luna_McBride_PS8b.aux)
Package atveryend Info: Executing hook `AtVeryEndDocument' on input line 178.
Package atveryend Info: Executing hook `AtEndAfterFileList' on input line 178.
Package rerunfilecheck Info: File `Luna_McBride_PS8b.out' has not changed.
(rerunfilecheck)             Checksum: D41D8CD98F00B204E9800998ECF8427E;0.
Package atveryend Info: Empty hook `AtVeryVeryEnd' on input line 178.
 ) 
Here is how much of TeX's memory you used:
 18961 strings out of 492895
 372638 string characters out of 3116730
 460452 words of memory out of 3000000
 22533 multiletter control sequences out of 15000+200000
 10319 words of font info for 39 fonts, out of 3000000 for 9000
 1141 hyphenation exceptions out of 8191
 69i,11n,66p,819b,628s stack positions out of 5000i,500n,10000p,200000b,50000s
<C:/Users/Luna.DESKTOP-PEBO18O/AppData/Local/Programs/MiKTeX 2.9/fonts/type1/
public/amsfonts/cm/cmbx10.pfb><C:/Users/Luna.DESKTOP-PEBO18O/AppData/Local/Prog
rams/MiKTeX 2.9/fonts/type1/public/amsfonts/cm/cmbx12.pfb><C:/Users/Luna.DESKTO
P-PEBO18O/AppData/Local/Programs/MiKTeX 2.9/fonts/type1/public/amsfonts/cm/cmmi
12.pfb><C:/Users/Luna.DESKTOP-PEBO18O/AppData/Local/Programs/MiKTeX 2.9/fonts/t
ype1/public/amsfonts/cm/cmmi8.pfb><C:/Users/Luna.DESKTOP-PEBO18O/AppData/Local/
Programs/MiKTeX 2.9/fonts/type1/public/amsfonts/cm/cmr10.pfb><C:/Users/Luna.DES
KTOP-PEBO18O/AppData/Local/Programs/MiKTeX 2.9/fonts/type1/public/amsfonts/cm/c
mr12.pfb><C:/Users/Luna.DESKTOP-PEBO18O/AppData/Local/Programs/MiKTeX 2.9/fonts
/type1/public/amsfonts/cm/cmr8.pfb><C:/Users/Luna.DESKTOP-PEBO18O/AppData/Local
/Programs/MiKTeX 2.9/fonts/type1/public/amsfonts/cm/cmsy10.pfb><C:/Users/Luna.D
ESKTOP-PEBO18O/AppData/Local/Programs/MiKTeX 2.9/fonts/type1/public/amsfonts/cm
/cmti10.pfb><C:/Users/Luna.DESKTOP-PEBO18O/AppData/Local/Programs/MiKTeX 2.9/fo
nts/type1/public/amsfonts/cm/cmti12.pfb><C:/Users/Luna.DESKTOP-PEBO18O/AppData/
Local/Programs/MiKTeX 2.9/fonts/type1/public/amsfonts/cm/cmtt12.pfb>
Output written on Luna_McBride_PS8b.pdf (9 pages, 151259 bytes).
PDF statistics:
 104 PDF objects out of 1000 (max. 8388607)
 16 named destinations out of 1000 (max. 500000)
 13 words of extra memory for PDF output out of 10000 (max. 10000000)

